date: 2014-07-21 13:14:24.626
argv: node /usr/local/bin/hexo publish how-to-install texlive
os: Linux 3.13.0-32-generic linux x64
version:
  hexo: 2.7.1
  http_parser: 1.0
  node: 0.10.28
  v8: 3.14.5.9
  ares: 1.9.0-DEV
  uv: 0.10.27
  zlib: 1.2.3
  modules: 11
  openssl: 1.0.1g
---

[debug] 13:14:23.966 Processed: photo.md
[debug] 13:14:23.967 Processed: post.md
[debug] 13:14:23.977 Processed: draft.md
[debug] 13:14:23.977 Processed: page.md
[debug] 13:14:23.978 Config file loaded
[debug] 13:14:23.981 Version info checked successfully
[debug] 13:14:24.089 Loading database.
[debug] 13:14:24.266 Plugin loaded successfully: hexo-renderer-ejs
[debug] 13:14:24.313 Plugin loaded successfully: hexo-renderer-marked
[debug] 13:14:24.315 Plugin loaded successfully: hexo-renderer-pandoc
[debug] 13:14:24.579 Plugin loaded successfully: hexo-renderer-stylus
[debug] 13:14:24.613 Script load successfully: fancybox.js
[error] 13:14:24.616 File /home/skyoung/blog/source/_drafts/how-to-install.mddoes not exist.